<?xml version="1.0" encoding="UTF-8"?>
<testsuite name="com.sep.book.springboot.web.PostsApiControllerTest" tests="1" skipped="0" failures="0" errors="0" timestamp="2021-05-06T05:55:40" hostname="DESKTOP-5IJE145" time="2.311">
  <properties/>
  <testcase name="Posts_등록된다" classname="com.sep.book.springboot.web.PostsApiControllerTest" time="2.311"/>
  <system-out><![CDATA[14:55:18.309 [Test worker] DEBUG org.springframework.test.context.junit4.SpringJUnit4ClassRunner - SpringJUnit4ClassRunner constructor called with [class com.sep.book.springboot.web.PostsApiControllerTest]
14:55:18.325 [Test worker] DEBUG org.springframework.test.context.BootstrapUtils - Instantiating CacheAwareContextLoaderDelegate from class [org.springframework.test.context.cache.DefaultCacheAwareContextLoaderDelegate]
14:55:18.371 [Test worker] DEBUG org.springframework.test.context.BootstrapUtils - Instantiating BootstrapContext using constructor [public org.springframework.test.context.support.DefaultBootstrapContext(java.lang.Class,org.springframework.test.context.CacheAwareContextLoaderDelegate)]
14:55:18.434 [Test worker] DEBUG org.springframework.test.context.BootstrapUtils - Instantiating TestContextBootstrapper for test class [com.sep.book.springboot.web.PostsApiControllerTest] from class [org.springframework.boot.test.context.SpringBootTestContextBootstrapper]
14:55:18.496 [Test worker] INFO org.springframework.boot.test.context.SpringBootTestContextBootstrapper - Neither @ContextConfiguration nor @ContextHierarchy found for test class [com.sep.book.springboot.web.PostsApiControllerTest], using SpringBootContextLoader
14:55:18.512 [Test worker] DEBUG org.springframework.test.context.support.AbstractContextLoader - Did not detect default resource location for test class [com.sep.book.springboot.web.PostsApiControllerTest]: class path resource [com/sep/book/springboot/web/PostsApiControllerTest-context.xml] does not exist
14:55:18.512 [Test worker] DEBUG org.springframework.test.context.support.AbstractContextLoader - Did not detect default resource location for test class [com.sep.book.springboot.web.PostsApiControllerTest]: class path resource [com/sep/book/springboot/web/PostsApiControllerTestContext.groovy] does not exist
14:55:18.512 [Test worker] INFO org.springframework.test.context.support.AbstractContextLoader - Could not detect default resource locations for test class [com.sep.book.springboot.web.PostsApiControllerTest]: no resource found for suffixes {-context.xml, Context.groovy}.
14:55:18.512 [Test worker] INFO org.springframework.test.context.support.AnnotationConfigContextLoaderUtils - Could not detect default configuration classes for test class [com.sep.book.springboot.web.PostsApiControllerTest]: PostsApiControllerTest does not declare any static, non-private, non-final, nested classes annotated with @Configuration.
14:55:18.684 [Test worker] DEBUG org.springframework.test.context.support.ActiveProfilesUtils - Could not find an 'annotation declaring class' for annotation type [org.springframework.test.context.ActiveProfiles] and class [com.sep.book.springboot.web.PostsApiControllerTest]
14:55:19.090 [Test worker] DEBUG org.springframework.context.annotation.ClassPathScanningCandidateComponentProvider - Identified candidate component class: file [C:\Users\iamsu\IdeaProjects\sepbrain\build\classes\java\main\com\sep\book\springboot\Application.class]
14:55:19.090 [Test worker] INFO org.springframework.boot.test.context.SpringBootTestContextBootstrapper - Found @SpringBootConfiguration com.sep.book.springboot.Application for test class com.sep.book.springboot.web.PostsApiControllerTest
14:55:19.434 [Test worker] DEBUG org.springframework.boot.test.context.SpringBootTestContextBootstrapper - @TestExecutionListeners is not present for class [com.sep.book.springboot.web.PostsApiControllerTest]: using defaults.
14:55:19.434 [Test worker] INFO org.springframework.boot.test.context.SpringBootTestContextBootstrapper - Loaded default TestExecutionListener class names from location [META-INF/spring.factories]: [org.springframework.boot.test.autoconfigure.restdocs.RestDocsTestExecutionListener, org.springframework.boot.test.autoconfigure.web.client.MockRestServiceServerResetTestExecutionListener, org.springframework.boot.test.autoconfigure.web.servlet.MockMvcPrintOnlyOnFailureTestExecutionListener, org.springframework.boot.test.autoconfigure.web.servlet.WebDriverTestExecutionListener, org.springframework.boot.test.mock.mockito.MockitoTestExecutionListener, org.springframework.boot.test.mock.mockito.ResetMocksTestExecutionListener, org.springframework.test.context.web.ServletTestExecutionListener, org.springframework.test.context.support.DirtiesContextBeforeModesTestExecutionListener, org.springframework.test.context.support.DependencyInjectionTestExecutionListener, org.springframework.test.context.support.DirtiesContextTestExecutionListener, org.springframework.test.context.transaction.TransactionalTestExecutionListener, org.springframework.test.context.jdbc.SqlScriptsTestExecutionListener]
14:55:19.496 [Test worker] INFO org.springframework.boot.test.context.SpringBootTestContextBootstrapper - Using TestExecutionListeners: [org.springframework.test.context.web.ServletTestExecutionListener@4ea5278c, org.springframework.test.context.support.DirtiesContextBeforeModesTestExecutionListener@2454b44f, org.springframework.boot.test.mock.mockito.MockitoTestExecutionListener@6f58a927, org.springframework.boot.test.autoconfigure.SpringBootDependencyInjectionTestExecutionListener@631eb28d, org.springframework.test.context.support.DirtiesContextTestExecutionListener@4e06025, org.springframework.test.context.transaction.TransactionalTestExecutionListener@5975a3a, org.springframework.test.context.jdbc.SqlScriptsTestExecutionListener@2facca3e, org.springframework.boot.test.autoconfigure.restdocs.RestDocsTestExecutionListener@39b08f9c, org.springframework.boot.test.autoconfigure.web.client.MockRestServiceServerResetTestExecutionListener@3e5621c7, org.springframework.boot.test.autoconfigure.web.servlet.MockMvcPrintOnlyOnFailureTestExecutionListener@12feabd, org.springframework.boot.test.autoconfigure.web.servlet.WebDriverTestExecutionListener@481b2d9c, org.springframework.boot.test.mock.mockito.ResetMocksTestExecutionListener@756a976c]
14:55:19.512 [Test worker] DEBUG org.springframework.test.annotation.ProfileValueUtils - Retrieved @ProfileValueSourceConfiguration [null] for test class [com.sep.book.springboot.web.PostsApiControllerTest]
14:55:19.512 [Test worker] DEBUG org.springframework.test.annotation.ProfileValueUtils - Retrieved ProfileValueSource type [class org.springframework.test.annotation.SystemProfileValueSource] for class [com.sep.book.springboot.web.PostsApiControllerTest]
14:55:19.528 [Test worker] DEBUG org.springframework.test.annotation.ProfileValueUtils - Retrieved @ProfileValueSourceConfiguration [null] for test class [com.sep.book.springboot.web.PostsApiControllerTest]
14:55:19.528 [Test worker] DEBUG org.springframework.test.annotation.ProfileValueUtils - Retrieved ProfileValueSource type [class org.springframework.test.annotation.SystemProfileValueSource] for class [com.sep.book.springboot.web.PostsApiControllerTest]
14:55:19.528 [Test worker] DEBUG org.springframework.test.annotation.ProfileValueUtils - Retrieved @ProfileValueSourceConfiguration [null] for test class [com.sep.book.springboot.web.PostsApiControllerTest]
14:55:19.528 [Test worker] DEBUG org.springframework.test.annotation.ProfileValueUtils - Retrieved ProfileValueSource type [class org.springframework.test.annotation.SystemProfileValueSource] for class [com.sep.book.springboot.web.PostsApiControllerTest]
14:55:19.543 [Test worker] DEBUG org.springframework.test.context.support.AbstractDirtiesContextTestExecutionListener - Before test class: context [DefaultTestContext@30f97c59 testClass = PostsApiControllerTest, testInstance = [null], testMethod = [null], testException = [null], mergedContextConfiguration = [WebMergedContextConfiguration@44cc7c59 testClass = PostsApiControllerTest, locations = '{}', classes = '{class com.sep.book.springboot.Application}', contextInitializerClasses = '[]', activeProfiles = '{}', propertySourceLocations = '{}', propertySourceProperties = '{org.springframework.boot.test.context.SpringBootTestContextBootstrapper=true, server.port=0}', contextCustomizers = set[org.springframework.boot.test.autoconfigure.properties.PropertyMappingContextCustomizer@0, org.springframework.boot.test.autoconfigure.web.servlet.WebDriverContextCustomizerFactory$Customizer@5b5efef3, org.springframework.boot.test.context.filter.ExcludeFilterContextCustomizer@106c771e, org.springframework.boot.test.json.DuplicateJsonObjectContextCustomizerFactory$DuplicateJsonObjectContextCustomizer@5f877e9e, org.springframework.boot.test.mock.mockito.MockitoContextCustomizer@0, org.springframework.boot.test.web.client.TestRestTemplateContextCustomizer@3c116c98], resourceBasePath = 'src/main/webapp', contextLoader = 'org.springframework.boot.test.context.SpringBootContextLoader', parent = [null]], attributes = map['org.springframework.test.context.web.ServletTestExecutionListener.activateListener' -> false]], class annotated with @DirtiesContext [false] with mode [null].
14:55:19.543 [Test worker] DEBUG org.springframework.test.annotation.ProfileValueUtils - Retrieved @ProfileValueSourceConfiguration [null] for test class [com.sep.book.springboot.web.PostsApiControllerTest]
14:55:19.543 [Test worker] DEBUG org.springframework.test.annotation.ProfileValueUtils - Retrieved ProfileValueSource type [class org.springframework.test.annotation.SystemProfileValueSource] for class [com.sep.book.springboot.web.PostsApiControllerTest]
14:55:19.559 [Test worker] DEBUG org.springframework.test.context.support.DependencyInjectionTestExecutionListener - Performing dependency injection for test context [[DefaultTestContext@30f97c59 testClass = PostsApiControllerTest, testInstance = com.sep.book.springboot.web.PostsApiControllerTest@31feede5, testMethod = [null], testException = [null], mergedContextConfiguration = [WebMergedContextConfiguration@44cc7c59 testClass = PostsApiControllerTest, locations = '{}', classes = '{class com.sep.book.springboot.Application}', contextInitializerClasses = '[]', activeProfiles = '{}', propertySourceLocations = '{}', propertySourceProperties = '{org.springframework.boot.test.context.SpringBootTestContextBootstrapper=true, server.port=0}', contextCustomizers = set[org.springframework.boot.test.autoconfigure.properties.PropertyMappingContextCustomizer@0, org.springframework.boot.test.autoconfigure.web.servlet.WebDriverContextCustomizerFactory$Customizer@5b5efef3, org.springframework.boot.test.context.filter.ExcludeFilterContextCustomizer@106c771e, org.springframework.boot.test.json.DuplicateJsonObjectContextCustomizerFactory$DuplicateJsonObjectContextCustomizer@5f877e9e, org.springframework.boot.test.mock.mockito.MockitoContextCustomizer@0, org.springframework.boot.test.web.client.TestRestTemplateContextCustomizer@3c116c98], resourceBasePath = 'src/main/webapp', contextLoader = 'org.springframework.boot.test.context.SpringBootContextLoader', parent = [null]], attributes = map['org.springframework.test.context.web.ServletTestExecutionListener.activateListener' -> false]]].
14:55:19.637 [Test worker] DEBUG org.springframework.test.context.support.TestPropertySourceUtils - Adding inlined properties to environment: {spring.jmx.enabled=false, org.springframework.boot.test.context.SpringBootTestContextBootstrapper=true, server.port=0}

  .   ____          _            __ _ _
 /\\ / ___'_ __ _ _(_)_ __  __ _ \ \ \ \
( ( )\___ | '_ | '_| | '_ \/ _` | \ \ \ \
 \\/  ___)| |_)| | | | | || (_| |  ) ) ) )
  '  |____| .__|_| |_|_| |_\__, | / / / /
 =========|_|==============|___/=/_/_/_/
 :: Spring Boot ::        (v2.1.7.RELEASE)

2021-05-06 14:55:20.621  INFO 8320 --- [    Test worker] c.s.b.s.web.PostsApiControllerTest       : Starting PostsApiControllerTest on DESKTOP-5IJE145 with PID 8320 (started by iamsu in C:\Users\iamsu\IdeaProjects\sepbrain)
2021-05-06 14:55:20.621  INFO 8320 --- [    Test worker] c.s.b.s.web.PostsApiControllerTest       : No active profile set, falling back to default profiles: default
2021-05-06 14:55:24.230  INFO 8320 --- [    Test worker] .s.d.r.c.RepositoryConfigurationDelegate : Bootstrapping Spring Data repositories in DEFAULT mode.
2021-05-06 14:55:24.480  INFO 8320 --- [    Test worker] .s.d.r.c.RepositoryConfigurationDelegate : Finished Spring Data repository scanning in 218ms. Found 1 repository interfaces.
2021-05-06 14:55:25.891  INFO 8320 --- [    Test worker] trationDelegate$BeanPostProcessorChecker : Bean 'org.springframework.transaction.annotation.ProxyTransactionManagementConfiguration' of type [org.springframework.transaction.annotation.ProxyTransactionManagementConfiguration$$EnhancerBySpringCGLIB$$6c288af5] is not eligible for getting processed by all BeanPostProcessors (for example: not eligible for auto-proxying)
2021-05-06 14:55:27.423  INFO 8320 --- [    Test worker] o.s.b.w.embedded.tomcat.TomcatWebServer  : Tomcat initialized with port(s): 0 (http)
2021-05-06 14:55:27.501  INFO 8320 --- [    Test worker] o.apache.catalina.core.StandardService   : Starting service [Tomcat]
2021-05-06 14:55:27.501  INFO 8320 --- [    Test worker] org.apache.catalina.core.StandardEngine  : Starting Servlet engine: [Apache Tomcat/9.0.22]
2021-05-06 14:55:28.032  INFO 8320 --- [    Test worker] o.a.c.c.C.[Tomcat].[localhost].[/]       : Initializing Spring embedded WebApplicationContext
2021-05-06 14:55:28.048  INFO 8320 --- [    Test worker] o.s.web.context.ContextLoader            : Root WebApplicationContext: initialization completed in 7349 ms
2021-05-06 14:55:29.047  INFO 8320 --- [    Test worker] com.zaxxer.hikari.HikariDataSource       : HikariPool-1 - Starting...
2021-05-06 14:55:29.688  INFO 8320 --- [    Test worker] com.zaxxer.hikari.HikariDataSource       : HikariPool-1 - Start completed.
2021-05-06 14:55:29.969  INFO 8320 --- [    Test worker] o.hibernate.jpa.internal.util.LogHelper  : HHH000204: Processing PersistenceUnitInfo [
	name: default
	...]
2021-05-06 14:55:30.282  INFO 8320 --- [    Test worker] org.hibernate.Version                    : HHH000412: Hibernate Core {5.3.10.Final}
2021-05-06 14:55:30.297  INFO 8320 --- [    Test worker] org.hibernate.cfg.Environment            : HHH000206: hibernate.properties not found
2021-05-06 14:55:30.907  INFO 8320 --- [    Test worker] o.hibernate.annotations.common.Version   : HCANN000001: Hibernate Commons Annotations {5.0.4.Final}
2021-05-06 14:55:31.594  INFO 8320 --- [    Test worker] org.hibernate.dialect.Dialect            : HHH000400: Using dialect: org.hibernate.dialect.MySQL5InnoDBDialect
Hibernate: drop table if exists posts
Hibernate: create table posts (id bigint not null auto_increment, author varchar(255), content TEXT not null, title varchar(500) not null, primary key (id)) engine=InnoDB
2021-05-06 14:55:33.688  INFO 8320 --- [    Test worker] o.h.t.schema.internal.SchemaCreatorImpl  : HHH000476: Executing import script 'org.hibernate.tool.schema.internal.exec.ScriptSourceInputNonExistentImpl@503ed3be'
2021-05-06 14:55:33.703  INFO 8320 --- [    Test worker] j.LocalContainerEntityManagerFactoryBean : Initialized JPA EntityManagerFactory for persistence unit 'default'
2021-05-06 14:55:37.634  INFO 8320 --- [    Test worker] o.s.s.concurrent.ThreadPoolTaskExecutor  : Initializing ExecutorService 'applicationTaskExecutor'
2021-05-06 14:55:37.946  WARN 8320 --- [    Test worker] aWebConfiguration$JpaWebMvcConfiguration : spring.jpa.open-in-view is enabled by default. Therefore, database queries may be performed during view rendering. Explicitly configure spring.jpa.open-in-view to disable this warning
2021-05-06 14:55:40.118  INFO 8320 --- [    Test worker] o.s.b.w.embedded.tomcat.TomcatWebServer  : Tomcat started on port(s): 49915 (http) with context path ''
2021-05-06 14:55:40.118  INFO 8320 --- [    Test worker] c.s.b.s.web.PostsApiControllerTest       : Started PostsApiControllerTest in 20.465 seconds (JVM running for 24.659)
2021-05-06 14:55:40.870  INFO 8320 --- [o-auto-1-exec-1] o.a.c.c.C.[Tomcat].[localhost].[/]       : Initializing Spring DispatcherServlet 'dispatcherServlet'
2021-05-06 14:55:40.870  INFO 8320 --- [o-auto-1-exec-1] o.s.web.servlet.DispatcherServlet        : Initializing Servlet 'dispatcherServlet'
2021-05-06 14:55:40.932  INFO 8320 --- [o-auto-1-exec-1] o.s.web.servlet.DispatcherServlet        : Completed initialization in 62 ms
Hibernate: insert into posts (author, content, title) values (?, ?, ?)
2021-05-06 14:55:41.940  INFO 8320 --- [    Test worker] o.h.h.i.QueryTranslatorFactoryInitiator  : HHH000397: Using ASTQueryTranslatorFactory
Hibernate: select posts0_.id as id1_0_, posts0_.author as author2_0_, posts0_.content as content3_0_, posts0_.title as title4_0_ from posts posts0_
Hibernate: select posts0_.id as id1_0_, posts0_.author as author2_0_, posts0_.content as content3_0_, posts0_.title as title4_0_ from posts posts0_
Hibernate: delete from posts where id=?
]]></system-out>
  <system-err><![CDATA[]]></system-err>
</testsuite>
